<?xml version="1.0" encoding="utf-8"?><testsuites><testsuite name="pytest" errors="0" failures="0" skipped="0" tests="4" time="11.852" timestamp="2021-02-09T03:04:46.200212" hostname="H1d3Me"><testcase classname="bdd.contact_scenarios" name="test_add_contact[firstname1-lastname1-middlename1]" time="6.169" /><testcase classname="bdd.contact_scenarios" name="test_add_contact[Dmitriy-Belkin-]" time="1.035" /><testcase classname="bdd.contact_scenarios" name="test_del_contact" time="0.795" /><testcase classname="bdd.contact_scenarios" name="test_edit_contact[firstname1_new-lastname1_new-middlename_new]" time="3.822" /></testsuite></testsuites>